
WARNING 2025-01-02 00:36:34,061 log Not Found: /lien_de_telechargement
WARNING 2025-01-02 04:31:22,119 log Not Found: /favicon.ico
WARNING 2025-01-02 04:31:28,308 log Not Found: /favicon.ico
WARNING 2025-01-02 05:24:03,881 log Not Found: /favicon.ico
WARNING 2025-01-02 06:26:14,453 log Not Found: /favicon.ico
WARNING 2025-01-02 06:48:10,149 log Not Found: /favicon.ico
WARNING 2025-01-02 06:48:40,365 log Not Found: /lien_de_telechargement
WARNING 2025-01-02 07:01:25,223 log Not Found: /favicon.ico
INFO 2025-01-02 09:33:46,533 email_utils Email d'approbation envoyé avec succès à dosyca35@gmail.com
WARNING 2025-01-02 09:34:19,985 log Bad Request: /authapp/signup/
WARNING 2025-01-02 09:34:27,590 log Bad Request: /authapp/signup/
WARNING 2025-01-02 09:34:38,506 log Bad Request: /authapp/signup/
INFO 2025-01-02 09:41:39,531 email_utils Email d'approbation envoyé avec succès à dosyc@gmail.com
WARNING 2025-01-02 09:57:59,244 log Bad Request: /authapp/signup/
WARNING 2025-01-02 09:58:07,910 log Bad Request: /authapp/signup/
INFO 2025-01-02 10:07:01,090 email_utils Email d'approbation envoyé avec succès à calprine.donfack@facsciences-UY1.cm
WARNING 2025-01-02 10:07:17,363 log Not Found: /user/profile
WARNING 2025-01-02 10:07:31,451 log Not Found: /api/notifications-by-level/
WARNING 2025-01-02 10:09:51,528 log Not Found: /user/profile
WARNING 2025-01-02 10:12:02,109 log Not Found: /authapp/login/
WARNING 2025-01-02 10:12:06,793 log Not Found: /authapp/login/
WARNING 2025-01-02 10:14:08,067 log Not Found: /user/profile
WARNING 2025-01-02 10:18:51,425 log Not Found: /api/notifications-by-level/
WARNING 2025-01-02 11:22:27,879 log Not Found: /reservations
WARNING 2025-01-02 11:22:55,365 log Unauthorized: /api/notifications-by-level/
WARNING 2025-01-02 11:23:05,201 log Not Found: /reservations
WARNING 2025-01-02 12:46:46,977 log Not Found: /reservations
WARNING 2025-01-02 12:47:20,613 log Unauthorized: /api/notifications-by-level/
WARNING 2025-01-02 12:47:57,488 log Not Found: /reservations
WARNING 2025-01-02 12:52:41,956 log Not Found: /reservations
WARNING 2025-01-02 13:08:15,173 log Not Found: /reservations
WARNING 2025-01-02 13:28:10,331 log Unauthorized: /api/notifications-by-level/
WARNING 2025-01-02 13:28:40,160 log Not Found: /reservations
WARNING 2025-01-02 13:33:47,784 log Bad Request: /authapp/signup/
WARNING 2025-01-02 13:33:51,347 log Bad Request: /authapp/signup/
WARNING 2025-01-02 13:33:54,507 log Bad Request: /authapp/signup/
WARNING 2025-01-02 13:33:56,640 log Bad Request: /authapp/signup/
WARNING 2025-01-02 13:33:58,940 log Bad Request: /authapp/signup/
WARNING 2025-01-02 13:34:01,047 log Bad Request: /authapp/signup/
INFO 2025-01-02 13:34:54,120 email_utils Email d'approbation envoyé avec succès à carlos35@gmail.com
WARNING 2025-01-02 13:41:52,998 log Not Found: /favicon.ico
WARNING 2025-01-02 13:41:53,693 log Not Found: /favicon.ico
WARNING 2025-01-02 17:55:39,410 log Not Found: /favicon.ico
WARNING 2025-01-02 18:15:42,929 log Not Found: /favicon.ico
WARNING 2025-01-02 18:15:57,174 log Not Found: /lien_de_telechargement
WARNING 2025-01-02 23:28:40,364 log Unauthorized: /api/reservations-by-level/
WARNING 2025-01-03 02:24:30,992 log Unauthorized: /api/reservations-by-level/
WARNING 2025-01-03 03:24:17,170 log Unauthorized: /api/reservations-by-level/
WARNING 2025-01-03 03:24:33,889 log Bad Request: /authapp/profile/
WARNING 2025-01-03 03:25:17,291 log Bad Request: /authapp/profile/
WARNING 2025-01-03 03:25:26,083 log Unauthorized: /api/notifications-by-level/
WARNING 2025-01-03 03:25:36,332 log Unauthorized: /api/reservations-by-level/
WARNING 2025-01-03 04:12:55,135 log Not Found: /favicon.ico
WARNING 2025-01-03 06:18:59,157 log Not Found: /favicon.ico
WARNING 2025-01-03 06:19:44,799 log Not Found: /favicon.ico
WARNING 2025-01-03 06:19:47,177 log Not Found: /favicon.ico
WARNING 2025-01-03 06:19:49,074 log Not Found: /favicon.ico
WARNING 2025-01-03 08:36:33,876 log Not Found: /favicon.ico
WARNING 2025-01-03 08:36:38,024 log Not Found: /favicon.ico
WARNING 2025-01-03 11:28:33,701 log Not Found: /favicon.ico
WARNING 2025-01-03 11:35:56,248 log Not Found: /favicon.ico
WARNING 2025-01-03 14:27:48,988 log Not Found: /favicon.ico
WARNING 2025-01-03 16:38:28,080 log Not Found: /favicon.ico
WARNING 2025-01-03 16:38:32,670 log Not Found: /favicon.ico
WARNING 2025-01-03 16:38:59,065 log Not Found: /favicon.ico
WARNING 2025-01-03 16:39:16,328 log Not Found: /favicon.ico
WARNING 2025-01-03 16:40:43,157 log Not Found: /favicon.ico
WARNING 2025-01-03 16:40:52,435 log Not Found: /favicon.ico
WARNING 2025-01-03 16:40:58,593 log Not Found: /favicon.ico
WARNING 2025-01-03 16:41:04,486 log Not Found: /favicon.ico
WARNING 2025-01-03 16:41:21,248 log Not Found: /favicon.ico
WARNING 2025-01-03 16:41:24,587 log Not Found: /favicon.ico
WARNING 2025-01-03 16:41:34,212 log Not Found: /favicon.ico
WARNING 2025-01-03 16:42:19,124 log Unauthorized: /authapp/profile/
WARNING 2025-01-03 16:43:07,259 log Not Found: /favicon.ico
WARNING 2025-01-03 16:45:03,345 log Not Found: /favicon.ico
WARNING 2025-01-03 16:45:58,634 log Unauthorized: /authapp/profile/
WARNING 2025-01-03 16:47:30,067 log Bad Request: /authapp/profile/
WARNING 2025-01-03 21:10:30,941 log Not Found: /favicon.ico
INFO 2025-01-03 21:31:20,325 autoreload Watching for file changes with StatReloader
INFO 2025-01-03 21:31:27,366 basehttp "GET / HTTP/1.1" 200 2690
INFO 2025-01-03 21:31:27,635 basehttp "GET /static/css/style.css HTTP/1.1" 200 3885
INFO 2025-01-03 21:31:29,836 basehttp "GET /static/images/logo.jpg HTTP/1.1" 200 84638
INFO 2025-01-03 21:31:33,713 basehttp "GET /static/css/style.css HTTP/1.1" 200 3885
INFO 2025-01-03 21:32:16,968 basehttp "GET / HTTP/1.1" 200 2690
INFO 2025-01-03 21:32:17,036 basehttp "GET /static/css/style.css HTTP/1.1" 200 3884
INFO 2025-01-03 21:32:18,098 basehttp "GET / HTTP/1.1" 200 2690
INFO 2025-01-03 21:32:18,161 basehttp "GET /static/css/style.css HTTP/1.1" 304 0
INFO 2025-01-03 21:32:28,243 basehttp "GET / HTTP/1.1" 200 2690
INFO 2025-01-03 21:32:28,300 basehttp "GET /static/css/style.css HTTP/1.1" 200 3885
INFO 2025-01-03 21:35:04,460 basehttp "GET / HTTP/1.1" 200 2717
INFO 2025-01-03 21:35:04,516 basehttp "GET /static/css/style.css HTTP/1.1" 304 0
INFO 2025-01-03 21:35:04,991 basehttp "GET / HTTP/1.1" 200 2717
INFO 2025-01-03 21:36:39,712 basehttp "GET / HTTP/1.1" 200 2717
INFO 2025-01-03 21:36:39,773 basehttp "GET /static/css/style.css HTTP/1.1" 200 3884
INFO 2025-01-03 21:37:02,469 basehttp "GET / HTTP/1.1" 200 2717
INFO 2025-01-03 21:37:02,533 basehttp "GET /static/css/style.css HTTP/1.1" 304 0
INFO 2025-01-03 21:39:12,028 basehttp "GET / HTTP/1.1" 200 2717
INFO 2025-01-03 21:39:12,059 basehttp "GET /static/css/style.css HTTP/1.1" 304 0
WARNING 2025-01-03 21:57:55,474 log Not Found: /favicon.ico
INFO 2025-01-04 10:31:13,088 autoreload Watching for file changes with StatReloader
INFO 2025-01-04 10:31:21,084 basehttp "GET /authapp/users/ HTTP/1.1" 200 903
INFO 2025-01-04 10:58:24,836 autoreload Watching for file changes with StatReloader
INFO 2025-01-04 10:58:49,301 autoreload /home/heil/Desktop/U-Reserve (2)/Ureserv/ureserve_back_heil/reservationapp/urls.py changed, reloading.
INFO 2025-01-04 10:58:49,893 autoreload Watching for file changes with StatReloader
INFO 2025-01-04 10:58:52,209 autoreload /home/heil/Desktop/U-Reserve (2)/Ureserv/ureserve_back_heil/reservationapp/urls.py changed, reloading.
INFO 2025-01-04 10:58:52,815 autoreload Watching for file changes with StatReloader
INFO 2025-01-04 10:58:58,742 autoreload Watching for file changes with StatReloader
ERROR 2025-01-04 10:59:05,617 log Internal Server Error: /api/research-hall/
Traceback (most recent call last):
  File "/home/heil/Desktop/U-Reserve (2)/.venv/lib/python3.11/site-packages/rest_framework/fields.py", line 437, in get_attribute
    return get_attribute(instance, self.source_attrs)
           ^^^^^^^^^^^^^^^^^^^^^^^^^^^^^^^^^^^^^^^^^^
  File "/home/heil/Desktop/U-Reserve (2)/.venv/lib/python3.11/site-packages/rest_framework/fields.py", line 104, in get_attribute
    instance = getattr(instance, attr)
               ^^^^^^^^^^^^^^^^^^^^^^^
AttributeError: 'builtin_function_or_method' object has no attribute 'name'

During handling of the above exception, another exception occurred:

Traceback (most recent call last):
  File "/home/heil/Desktop/U-Reserve (2)/.venv/lib/python3.11/site-packages/django/core/handlers/exception.py", line 55, in inner
    response = get_response(request)
               ^^^^^^^^^^^^^^^^^^^^^
  File "/home/heil/Desktop/U-Reserve (2)/.venv/lib/python3.11/site-packages/django/core/handlers/base.py", line 197, in _get_response
    response = wrapped_callback(request, *callback_args, **callback_kwargs)
               ^^^^^^^^^^^^^^^^^^^^^^^^^^^^^^^^^^^^^^^^^^^^^^^^^^^^^^^^^^^^
  File "/home/heil/Desktop/U-Reserve (2)/.venv/lib/python3.11/site-packages/django/views/decorators/csrf.py", line 56, in wrapper_view
    return view_func(*args, **kwargs)
           ^^^^^^^^^^^^^^^^^^^^^^^^^^
  File "/home/heil/Desktop/U-Reserve (2)/.venv/lib/python3.11/site-packages/django/views/generic/base.py", line 104, in view
    return self.dispatch(request, *args, **kwargs)
           ^^^^^^^^^^^^^^^^^^^^^^^^^^^^^^^^^^^^^^^
  File "/home/heil/Desktop/U-Reserve (2)/.venv/lib/python3.11/site-packages/rest_framework/views.py", line 509, in dispatch
    response = self.handle_exception(exc)
               ^^^^^^^^^^^^^^^^^^^^^^^^^^
  File "/home/heil/Desktop/U-Reserve (2)/.venv/lib/python3.11/site-packages/rest_framework/views.py", line 469, in handle_exception
    self.raise_uncaught_exception(exc)
  File "/home/heil/Desktop/U-Reserve (2)/.venv/lib/python3.11/site-packages/rest_framework/views.py", line 480, in raise_uncaught_exception
    raise exc
  File "/home/heil/Desktop/U-Reserve (2)/.venv/lib/python3.11/site-packages/rest_framework/views.py", line 506, in dispatch
    response = handler(request, *args, **kwargs)
               ^^^^^^^^^^^^^^^^^^^^^^^^^^^^^^^^^
  File "/home/heil/Desktop/U-Reserve (2)/Ureserv/ureserve_back_heil/reservationapp/views.py", line 389, in get
    "hall": HallSerializer(all).data
            ^^^^^^^^^^^^^^^^^^^^^^^^
  File "/home/heil/Desktop/U-Reserve (2)/.venv/lib/python3.11/site-packages/rest_framework/serializers.py", line 571, in data
    ret = super().data
          ^^^^^^^^^^^^
  File "/home/heil/Desktop/U-Reserve (2)/.venv/lib/python3.11/site-packages/rest_framework/serializers.py", line 249, in data
    self._data = self.to_representation(self.instance)
                 ^^^^^^^^^^^^^^^^^^^^^^^^^^^^^^^^^^^^^
  File "/home/heil/Desktop/U-Reserve (2)/.venv/lib/python3.11/site-packages/rest_framework/serializers.py", line 525, in to_representation
    attribute = field.get_attribute(instance)
                ^^^^^^^^^^^^^^^^^^^^^^^^^^^^^
  File "/home/heil/Desktop/U-Reserve (2)/.venv/lib/python3.11/site-packages/rest_framework/fields.py", line 470, in get_attribute
    raise type(exc)(msg)
AttributeError: Got AttributeError when attempting to get a value for field `name` on serializer `HallSerializer`.
The serializer field might be named incorrectly and not match any attribute or key on the `builtin_function_or_method` instance.
Original exception text was: 'builtin_function_or_method' object has no attribute 'name'.
ERROR 2025-01-04 10:59:05,622 basehttp "GET /api/research-hall/ HTTP/1.1" 500 123438
INFO 2025-01-04 11:10:43,237 autoreload /home/heil/Desktop/U-Reserve (2)/Ureserv/ureserve_back_heil/reservationapp/views.py changed, reloading.
INFO 2025-01-04 11:10:43,874 autoreload Watching for file changes with StatReloader
INFO 2025-01-04 11:10:53,101 autoreload Watching for file changes with StatReloader
INFO 2025-01-04 11:10:59,758 basehttp "GET /api/research-hall/ HTTP/1.1" 200 1416
INFO 2025-01-04 12:28:04,972 autoreload Watching for file changes with StatReloader
INFO 2025-01-04 12:28:15,873 basehttp "GET / HTTP/1.1" 200 2717
INFO 2025-01-04 12:28:15,952 basehttp "GET /static/css/style.css HTTP/1.1" 304 0
INFO 2025-01-04 12:28:15,954 basehttp "GET /static/images/logo.jpg HTTP/1.1" 304 0
INFO 2025-01-04 12:28:36,408 autoreload Watching for file changes with StatReloader
INFO 2025-01-04 12:28:44,653 basehttp "GET /api/research-hall/ HTTP/1.1" 200 1416
INFO 2025-01-04 14:53:00,604 autoreload /home/heil/Desktop/U-Reserve (2)/Ureserv/ureserve_back_heil/reservationapp/views.py changed, reloading.
INFO 2025-01-04 14:53:01,296 autoreload Watching for file changes with StatReloader
INFO 2025-01-04 14:53:25,150 autoreload /home/heil/Desktop/U-Reserve (2)/Ureserv/ureserve_back_heil/reservationapp/views.py changed, reloading.
INFO 2025-01-04 14:53:25,808 autoreload Watching for file changes with StatReloader
INFO 2025-01-04 14:53:27,243 autoreload /home/heil/Desktop/U-Reserve (2)/Ureserv/ureserve_back_heil/reservationapp/views.py changed, reloading.
INFO 2025-01-04 14:53:27,848 autoreload Watching for file changes with StatReloader
INFO 2025-01-04 14:53:41,714 autoreload /home/heil/Desktop/U-Reserve (2)/Ureserv/ureserve_back_heil/reservationapp/views.py changed, reloading.
INFO 2025-01-04 14:53:42,351 autoreload Watching for file changes with StatReloader
INFO 2025-01-04 14:54:01,691 autoreload /home/heil/Desktop/U-Reserve (2)/Ureserv/ureserve_back_heil/reservationapp/views.py changed, reloading.
INFO 2025-01-04 14:54:02,459 autoreload Watching for file changes with StatReloader
INFO 2025-01-04 21:47:23,435 autoreload Watching for file changes with StatReloader
INFO 2025-01-04 21:47:32,427 basehttp "GET / HTTP/1.1" 200 2855
INFO 2025-01-04 21:47:32,493 basehttp "GET /static/css/style.css HTTP/1.1" 304 0
INFO 2025-01-04 21:47:32,496 basehttp "GET /static/images/logo.jpg HTTP/1.1" 304 0
INFO 2025-01-04 21:47:58,016 basehttp "GET /static/downloads/User_guide.pdf HTTP/1.1" 304 0
WARNING 2025-01-04 21:47:58,193 log Not Found: /favicon.ico
INFO 2025-01-04 21:51:08,397 basehttp "GET / HTTP/1.1" 200 2879
INFO 2025-01-04 21:51:09,846 basehttp "GET / HTTP/1.1" 200 2879
INFO 2025-01-04 21:51:10,413 basehttp "GET / HTTP/1.1" 200 2879
WARNING 2025-01-04 21:53:34,839 log Not Found: /favicon.ico
